[debug] [2024-02-18T14:22:28.616Z] ----------------------------------------------------------------------
[debug] [2024-02-18T14:22:28.618Z] Command:       C:\Users\Rajan Verma\AppData\Roaming\node\node.exe C:\Users\Rajan Verma\AppData\Roaming\node\node_modules\firebase-tools\lib\bin\firebase.js emulators:start --only functions
[debug] [2024-02-18T14:22:28.618Z] CLI Version:   13.2.1
[debug] [2024-02-18T14:22:28.619Z] Platform:      win32
[debug] [2024-02-18T14:22:28.619Z] Node Version:  v18.17.1
[debug] [2024-02-18T14:22:28.620Z] Time:          Sun Feb 18 2024 19:52:28 GMT+0530 (India Standard Time)
[debug] [2024-02-18T14:22:28.620Z] ----------------------------------------------------------------------
[debug] 
[debug] [2024-02-18T14:22:28.744Z] > command requires scopes: ["email","openid","https://www.googleapis.com/auth/cloudplatformprojects.readonly","https://www.googleapis.com/auth/firebase","https://www.googleapis.com/auth/cloud-platform"]
[debug] [2024-02-18T14:22:28.744Z] > authorizing via signed-in user (rajanverma5410@gmail.com)
[info] i  emulators: Starting emulators: functions {"metadata":{"emulator":{"name":"hub"},"message":"Starting emulators: functions"}}
[debug] [2024-02-18T14:22:28.752Z] [logging] Logging Emulator only supports listening on one address (127.0.0.1). Not listening on ::1
[debug] [2024-02-18T14:22:28.753Z] assigned listening specs for emulators {"user":{"hub":[{"address":"127.0.0.1","family":"IPv4","port":4400},{"address":"::1","family":"IPv6","port":4400}],"ui":[{"address":"127.0.0.1","family":"IPv4","port":4000},{"address":"::1","family":"IPv6","port":4000}],"logging":[{"address":"127.0.0.1","family":"IPv4","port":4500}]},"metadata":{"message":"assigned listening specs for emulators"}}
[debug] [2024-02-18T14:22:28.812Z] [hub] writing locator at C:\Users\RAJANV~1\AppData\Local\Temp\hub-immg-poc.json
[debug] [2024-02-18T14:22:28.825Z] [functions] Functions Emulator only supports listening on one address (127.0.0.1). Not listening on ::1
[debug] [2024-02-18T14:22:28.825Z] [eventarc] Eventarc Emulator only supports listening on one address (127.0.0.1). Not listening on ::1
[debug] [2024-02-18T14:22:28.826Z] late-assigned ports for functions and eventarc emulators {"user":{"hub":[{"address":"127.0.0.1","family":"IPv4","port":4400},{"address":"::1","family":"IPv6","port":4400}],"ui":[{"address":"127.0.0.1","family":"IPv4","port":4000},{"address":"::1","family":"IPv6","port":4000}],"logging":[{"address":"127.0.0.1","family":"IPv4","port":4500}],"functions":[{"address":"127.0.0.1","family":"IPv4","port":5001}],"eventarc":[{"address":"127.0.0.1","family":"IPv4","port":9299}]},"metadata":{"message":"late-assigned ports for functions and eventarc emulators"}}
[warn] !  functions: The following emulators are not running, calls to these services from the Functions emulator will affect production: auth, firestore, database, hosting, pubsub, storage {"metadata":{"emulator":{"name":"functions"},"message":"The following emulators are not running, calls to these services from the Functions emulator will affect production: \u001b[1mauth, firestore, database, hosting, pubsub, storage\u001b[22m"}}
[debug] [2024-02-18T14:22:28.830Z] defaultcredentials: writing to file C:\Users\Rajan Verma\AppData\Roaming\firebase\rajanverma5410_gmail_com_application_default_credentials.json
[debug] [2024-02-18T14:22:28.843Z] Setting GAC to C:\Users\Rajan Verma\AppData\Roaming\firebase\rajanverma5410_gmail_com_application_default_credentials.json {"metadata":{"emulator":{"name":"functions"},"message":"Setting GAC to C:\\Users\\Rajan Verma\\AppData\\Roaming\\firebase\\rajanverma5410_gmail_com_application_default_credentials.json"}}
[debug] [2024-02-18T14:22:28.845Z] >>> [apiv2][query] GET https://firebase.googleapis.com/v1beta1/projects/immg-poc/adminSdkConfig [none]
[debug] [2024-02-18T14:22:43.903Z] Received signal SIGINT (Ctrl-C) 1
[info]  
[info] i  emulators: Received SIGINT (Ctrl-C) for the first time. Starting a clean shutdown. 
[info] i  emulators: Please wait for a clean shutdown or send the SIGINT (Ctrl-C) signal again to stop right now. 
[info] i  emulators: Shutting down emulators. {"metadata":{"emulator":{"name":"hub"},"message":"Shutting down emulators."}}
[info] i  functions: Stopping Functions Emulator {"metadata":{"emulator":{"name":"functions"},"message":"Stopping Functions Emulator"}}
[info] i  hub: Stopping emulator hub {"metadata":{"emulator":{"name":"hub"},"message":"Stopping emulator hub"}}
[debug] [2024-02-18T14:22:44.133Z] Received signal SIGINT (Ctrl-C) 2
[info]  
[debug] [2024-02-18T14:22:44.135Z] Skipping clean onExit() and cleanShutdown()
[warn] !  emulators: Received SIGINT (Ctrl-C) 2 times. You have forced the Emulator Suite to exit without waiting for 0 subprocess to finish. These processes may still be running on your machine:  
[info] 
┌──────────┬───────────┬─────┐
│ Emulator │ Host:Port │ PID │
└──────────┴───────────┴─────┘

To force them to exit run:

[info] TASKKILL  /T

[debug] [2024-02-18T14:22:49.374Z] Received signal SIGINT (Ctrl-C) 3
[info]  
[debug] [2024-02-18T14:22:49.375Z] Skipping clean onExit() and cleanShutdown()
[warn] !  emulators: Received SIGINT (Ctrl-C) 3 times. You have forced the Emulator Suite to exit without waiting for 0 subprocess to finish. These processes may still be running on your machine:  
[info] 
┌──────────┬───────────┬─────┐
│ Emulator │ Host:Port │ PID │
└──────────┴───────────┴─────┘

To force them to exit run:

[info] TASKKILL  /T

[debug] [2024-02-18T14:22:53.941Z] Error: Timed out.
    at Timeout._onTimeout (C:\Users\Rajan Verma\AppData\Roaming\nvm\v18.17.1\node_modules\firebase-tools\lib\utils.js:258:49)
    at listOnTimeout (node:internal/timers:569:17)
    at process.processTimers (node:internal/timers:512:7)
[error] 
[error] Error: An unexpected error has occurred.
